# JRE version: Java(TM) SE Runtime Environment (7.0_80-b15) (build 1.7.0_80-b15)
# Java VM: Java HotSpot(TM) Server VM (24.80-b11 mixed mode linux-x86 )
Heap
 PSYoungGen      total 140544K, used 20208K [0x9df80000, 0xa8100000, 0xb3500000)
  eden space 120320K, 0% used [0x9df80000,0x9df80000,0xa5500000)
  from space 20224K, 99% used [0xa5500000,0xa68bc258,0xa68c0000)
  to   space 15616K, 0% used [0xa68c0000,0xa68c0000,0xa7800000)
 ParOldGen       total 41728K, used 37784K [0x73500000, 0x75dc0000, 0x9df80000)
  object space 41728K, 90% used [0x73500000,0x759e63f0,0x75dc0000)
 PSPermGen       total 16384K, used 4023K [0x6f500000, 0x70500000, 0x73500000)
  object space 16384K, 24% used [0x6f500000,0x6f8edfb0,0x70500000)
GC Heap History (10 events):
Event: 5.349 GC heap after
Heap after GC invocations=4 (full 0):
 PSYoungGen      total 34304K, used 2547K [0x9df80000, 0xa0380000, 0xb3500000)
  eden space 31744K, 0% used [0x9df80000,0x9df80000,0x9fe80000)
  from space 2560K, 99% used [0xa0100000,0xa037cdc0,0xa0380000)
  to   space 2560K, 0% used [0x9fe80000,0x9fe80000,0xa0100000)
 ParOldGen       total 41728K, used 7397K [0x73500000, 0x75dc0000, 0x9df80000)
  object space 41728K, 17% used [0x73500000,0x73c39540,0x75dc0000)
 PSPermGen       total 16384K, used 3901K [0x6f500000, 0x70500000, 0x73500000)
  object space 16384K, 23% used [0x6f500000,0x6f8cf540,0x70500000)
}
Event: 7.808 GC heap before
{Heap before GC invocations=5 (full 0):
 PSYoungGen      total 34304K, used 34291K [0x9df80000, 0xa0380000, 0xb3500000)
  eden space 31744K, 100% used [0x9df80000,0x9fe80000,0x9fe80000)
  from space 2560K, 99% used [0xa0100000,0xa037cdc0,0xa0380000)
  to   space 2560K, 0% used [0x9fe80000,0x9fe80000,0xa0100000)
 ParOldGen       total 41728K, used 7397K [0x73500000, 0x75dc0000, 0x9df80000)
  object space 41728K, 17% used [0x73500000,0x73c39540,0x75dc0000)
 PSPermGen       total 16384K, used 3928K [0x6f500000, 0x70500000, 0x73500000)
  object space 16384K, 23% used [0x6f500000,0x6f8d6168,0x70500000)
Event: 7.848 GC heap after
Heap after GC invocations=5 (full 0):
 PSYoungGen      total 34304K, used 2556K [0x9df80000, 0xa2f00000, 0xb3500000)
  eden space 31744K, 0% used [0x9df80000,0x9df80000,0x9fe80000)
  from space 2560K, 99% used [0x9fe80000,0xa00ff138,0xa0100000)
  to   space 8960K, 0% used [0xa2640000,0xa2640000,0xa2f00000)
 ParOldGen       total 41728K, used 12276K [0x73500000, 0x75dc0000, 0x9df80000)
  object space 41728K, 29% used [0x73500000,0x740fd178,0x75dc0000)
 PSPermGen       total 16384K, used 3928K [0x6f500000, 0x70500000, 0x73500000)
  object space 16384K, 23% used [0x6f500000,0x6f8d6168,0x70500000)
}
Event: 9.505 GC heap before
{Heap before GC invocations=6 (full 0):
 PSYoungGen      total 34304K, used 34300K [0x9df80000, 0xa2f00000, 0xb3500000)
  eden space 31744K, 100% used [0x9df80000,0x9fe80000,0x9fe80000)
  from space 2560K, 99% used [0x9fe80000,0xa00ff138,0xa0100000)
  to   space 8960K, 0% used [0xa2640000,0xa2640000,0xa2f00000)
 ParOldGen       total 41728K, used 12276K [0x73500000, 0x75dc0000, 0x9df80000)
  object space 41728K, 29% used [0x73500000,0x740fd178,0x75dc0000)
 PSPermGen       total 16384K, used 3939K [0x6f500000, 0x70500000, 0x73500000)
  object space 16384K, 24% used [0x6f500000,0x6f8d8ca8,0x70500000)
Event: 9.555 GC heap after
Heap after GC invocations=6 (full 0):
 PSYoungGen      total 71424K, used 7674K [0x9df80000, 0xa3100000, 0xb3500000)
  eden space 62464K, 0% used [0x9df80000,0x9df80000,0xa1c80000)
  from space 8960K, 85% used [0xa2640000,0xa2dbe8e0,0xa2f00000)
  to   space 9984K, 0% used [0xa1c80000,0xa1c80000,0xa2640000)
 ParOldGen       total 41728K, used 12276K [0x73500000, 0x75dc0000, 0x9df80000)
  object space 41728K, 29% used [0x73500000,0x740fd178,0x75dc0000)
 PSPermGen       total 16384K, used 3939K [0x6f500000, 0x70500000, 0x73500000)
  object space 16384K, 24% used [0x6f500000,0x6f8d8ca8,0x70500000)
}
Event: 12.060 GC heap before
{Heap before GC invocations=7 (full 0):
 PSYoungGen      total 71424K, used 70138K [0x9df80000, 0xa3100000, 0xb3500000)
  eden space 62464K, 100% used [0x9df80000,0xa1c80000,0xa1c80000)
  from space 8960K, 85% used [0xa2640000,0xa2dbe8e0,0xa2f00000)
  to   space 9984K, 0% used [0xa1c80000,0xa1c80000,0xa2640000)
 ParOldGen       total 41728K, used 12276K [0x73500000, 0x75dc0000, 0x9df80000)
  object space 41728K, 29% used [0x73500000,0x740fd178,0x75dc0000)
 PSPermGen       total 16384K, used 3964K [0x6f500000, 0x70500000, 0x73500000)
  object space 16384K, 24% used [0x6f500000,0x6f8df3d8,0x70500000)
Event: 12.201 GC heap after
Heap after GC invocations=7 (full 0):
 PSYoungGen      total 72448K, used 9976K [0x9df80000, 0xa7800000, 0xb3500000)
  eden space 62464K, 0% used [0x9df80000,0x9df80000,0xa1c80000)
  from space 9984K, 99% used [0xa1c80000,0xa263e328,0xa2640000)
  to   space 15616K, 0% used [0xa68c0000,0xa68c0000,0xa7800000)
 ParOldGen       total 41728K, used 19917K [0x73500000, 0x75dc0000, 0x9df80000)
  object space 41728K, 47% used [0x73500000,0x74873548,0x75dc0000)
 PSPermGen       total 16384K, used 3964K [0x6f500000, 0x70500000, 0x73500000)
  object space 16384K, 24% used [0x6f500000,0x6f8df3d8,0x70500000)
}
Event: 14.812 GC heap before
{Heap before GC invocations=8 (full 0):
 PSYoungGen      total 72448K, used 72440K [0x9df80000, 0xa7800000, 0xb3500000)
  eden space 62464K, 100% used [0x9df80000,0xa1c80000,0xa1c80000)
  from space 9984K, 99% used [0xa1c80000,0xa263e328,0xa2640000)
  to   space 15616K, 0% used [0xa68c0000,0xa68c0000,0xa7800000)
 ParOldGen       total 41728K, used 19917K [0x73500000, 0x75dc0000, 0x9df80000)
  object space 41728K, 47% used [0x73500000,0x74873548,0x75dc0000)
 PSPermGen       total 16384K, used 3979K [0x6f500000, 0x70500000, 0x73500000)
  object space 16384K, 24% used [0x6f500000,0x6f8e2c98,0x70500000)
Event: 14.993 GC heap after
Heap after GC invocations=8 (full 0):
 PSYoungGen      total 135936K, used 15602K [0x9df80000, 0xa8100000, 0xb3500000)
  eden space 120320K, 0% used [0x9df80000,0x9df80000,0xa5500000)
  from space 15616K, 99% used [0xa68c0000,0xa77fcb80,0xa7800000)
  to   space 20224K, 0% used [0xa5500000,0xa5500000,0xa68c0000)
 ParOldGen       total 41728K, used 24239K [0x73500000, 0x75dc0000, 0x9df80000)
  object space 41728K, 58% used [0x73500000,0x74cabe88,0x75dc0000)
 PSPermGen       total 16384K, used 3979K [0x6f500000, 0x70500000, 0x73500000)
  object space 16384K, 24% used [0x6f500000,0x6f8e2c98,0x70500000)
}
Event: 19.644 GC heap before
{Heap before GC invocations=9 (full 0):
 PSYoungGen      total 135936K, used 135922K [0x9df80000, 0xa8100000, 0xb3500000)
  eden space 120320K, 100% used [0x9df80000,0xa5500000,0xa5500000)
  from space 15616K, 99% used [0xa68c0000,0xa77fcb80,0xa7800000)
  to   space 20224K, 0% used [0xa5500000,0xa5500000,0xa68c0000)
 ParOldGen       total 41728K, used 24239K [0x73500000, 0x75dc0000, 0x9df80000)
  object space 41728K, 58% used [0x73500000,0x74cabe88,0x75dc0000)
 PSPermGen       total 16384K, used 4023K [0x6f500000, 0x70500000, 0x73500000)
  object space 16384K, 24% used [0x6f500000,0x6f8edfb0,0x70500000)

