# JRE version: Java(TM) SE Runtime Environment (7.0_80-b15) (build 1.7.0_80-b15)
# Java VM: Java HotSpot(TM) Server VM (24.80-b11 mixed mode linux-x86 )
Heap
 PSYoungGen      total 141312K, used 20985K [0x9dfc0000, 0xa82c0000, 0xb3540000)
  eden space 120320K, 0% used [0x9dfc0000,0x9dfc0000,0xa5540000)
  from space 20992K, 99% used [0xa5540000,0xa69be638,0xa69c0000)
  to   space 16384K, 0% used [0xa69c0000,0xa69c0000,0xa79c0000)
 ParOldGen       total 41728K, used 38612K [0x73540000, 0x75e00000, 0x9dfc0000)
  object space 41728K, 92% used [0x73540000,0x75af5150,0x75e00000)
 PSPermGen       total 16384K, used 4024K [0x6f540000, 0x70540000, 0x73540000)
  object space 16384K, 24% used [0x6f540000,0x6f92e018,0x70540000)
GC Heap History (10 events):
Event: 4.742 GC heap after
Heap after GC invocations=4 (full 0):
 PSYoungGen      total 34304K, used 2554K [0x9dfc0000, 0xa03c0000, 0xb3540000)
  eden space 31744K, 0% used [0x9dfc0000,0x9dfc0000,0x9fec0000)
  from space 2560K, 99% used [0xa0140000,0xa03be8a0,0xa03c0000)
  to   space 2560K, 0% used [0x9fec0000,0x9fec0000,0xa0140000)
 ParOldGen       total 41728K, used 7832K [0x73540000, 0x75e00000, 0x9dfc0000)
  object space 41728K, 18% used [0x73540000,0x73ce6088,0x75e00000)
 PSPermGen       total 16384K, used 3901K [0x6f540000, 0x70540000, 0x73540000)
  object space 16384K, 23% used [0x6f540000,0x6f90f4e0,0x70540000)
}
Event: 8.918 GC heap before
{Heap before GC invocations=5 (full 0):
 PSYoungGen      total 34304K, used 34298K [0x9dfc0000, 0xa03c0000, 0xb3540000)
  eden space 31744K, 100% used [0x9dfc0000,0x9fec0000,0x9fec0000)
  from space 2560K, 99% used [0xa0140000,0xa03be8a0,0xa03c0000)
  to   space 2560K, 0% used [0x9fec0000,0x9fec0000,0xa0140000)
 ParOldGen       total 41728K, used 7832K [0x73540000, 0x75e00000, 0x9dfc0000)
  object space 41728K, 18% used [0x73540000,0x73ce6088,0x75e00000)
 PSPermGen       total 16384K, used 3921K [0x6f540000, 0x70540000, 0x73540000)
  object space 16384K, 23% used [0x6f540000,0x6f9146a8,0x70540000)
Event: 8.970 GC heap after
Heap after GC invocations=5 (full 0):
 PSYoungGen      total 34304K, used 2558K [0x9dfc0000, 0xa3040000, 0xb3540000)
  eden space 31744K, 0% used [0x9dfc0000,0x9dfc0000,0x9fec0000)
  from space 2560K, 99% used [0x9fec0000,0xa013fac8,0xa0140000)
  to   space 9472K, 0% used [0xa2700000,0xa2700000,0xa3040000)
 ParOldGen       total 41728K, used 12961K [0x73540000, 0x75e00000, 0x9dfc0000)
  object space 41728K, 31% used [0x73540000,0x741e87a0,0x75e00000)
 PSPermGen       total 16384K, used 3921K [0x6f540000, 0x70540000, 0x73540000)
  object space 16384K, 23% used [0x6f540000,0x6f9146a8,0x70540000)
}
Event: 10.811 GC heap before
{Heap before GC invocations=6 (full 0):
 PSYoungGen      total 34304K, used 34302K [0x9dfc0000, 0xa3040000, 0xb3540000)
  eden space 31744K, 100% used [0x9dfc0000,0x9fec0000,0x9fec0000)
  from space 2560K, 99% used [0x9fec0000,0xa013fac8,0xa0140000)
  to   space 9472K, 0% used [0xa2700000,0xa2700000,0xa3040000)
 ParOldGen       total 41728K, used 12961K [0x73540000, 0x75e00000, 0x9dfc0000)
  object space 41728K, 31% used [0x73540000,0x741e87a0,0x75e00000)
 PSPermGen       total 16384K, used 3936K [0x6f540000, 0x70540000, 0x73540000)
  object space 16384K, 24% used [0x6f540000,0x6f918330,0x70540000)
Event: 10.867 GC heap after
Heap after GC invocations=6 (full 0):
 PSYoungGen      total 71936K, used 7952K [0x9dfc0000, 0xa3240000, 0xb3540000)
  eden space 62464K, 0% used [0x9dfc0000,0x9dfc0000,0xa1cc0000)
  from space 9472K, 83% used [0xa2700000,0xa2ec4338,0xa3040000)
  to   space 10496K, 0% used [0xa1cc0000,0xa1cc0000,0xa2700000)
 ParOldGen       total 41728K, used 12961K [0x73540000, 0x75e00000, 0x9dfc0000)
  object space 41728K, 31% used [0x73540000,0x741e87a0,0x75e00000)
 PSPermGen       total 16384K, used 3936K [0x6f540000, 0x70540000, 0x73540000)
  object space 16384K, 24% used [0x6f540000,0x6f918330,0x70540000)
}
Event: 13.573 GC heap before
{Heap before GC invocations=7 (full 0):
 PSYoungGen      total 71936K, used 70416K [0x9dfc0000, 0xa3240000, 0xb3540000)
  eden space 62464K, 100% used [0x9dfc0000,0xa1cc0000,0xa1cc0000)
  from space 9472K, 83% used [0xa2700000,0xa2ec4338,0xa3040000)
  to   space 10496K, 0% used [0xa1cc0000,0xa1cc0000,0xa2700000)
 ParOldGen       total 41728K, used 12961K [0x73540000, 0x75e00000, 0x9dfc0000)
  object space 41728K, 31% used [0x73540000,0x741e87a0,0x75e00000)
 PSPermGen       total 16384K, used 3966K [0x6f540000, 0x70540000, 0x73540000)
  object space 16384K, 24% used [0x6f540000,0x6f91fbc8,0x70540000)
Event: 13.670 GC heap after
Heap after GC invocations=7 (full 0):
 PSYoungGen      total 72960K, used 10482K [0x9dfc0000, 0xa79c0000, 0xb3540000)
  eden space 62464K, 0% used [0x9dfc0000,0x9dfc0000,0xa1cc0000)
  from space 10496K, 99% used [0xa1cc0000,0xa26fc830,0xa2700000)
  to   space 16384K, 0% used [0xa69c0000,0xa69c0000,0xa79c0000)
 ParOldGen       total 41728K, used 20942K [0x73540000, 0x75e00000, 0x9dfc0000)
  object space 41728K, 50% used [0x73540000,0x749b3910,0x75e00000)
 PSPermGen       total 16384K, used 3966K [0x6f540000, 0x70540000, 0x73540000)
  object space 16384K, 24% used [0x6f540000,0x6f91fbc8,0x70540000)
}
Event: 15.585 GC heap before
{Heap before GC invocations=8 (full 0):
 PSYoungGen      total 72960K, used 72946K [0x9dfc0000, 0xa79c0000, 0xb3540000)
  eden space 62464K, 100% used [0x9dfc0000,0xa1cc0000,0xa1cc0000)
  from space 10496K, 99% used [0xa1cc0000,0xa26fc830,0xa2700000)
  to   space 16384K, 0% used [0xa69c0000,0xa69c0000,0xa79c0000)
 ParOldGen       total 41728K, used 20942K [0x73540000, 0x75e00000, 0x9dfc0000)
  object space 41728K, 50% used [0x73540000,0x749b3910,0x75e00000)
 PSPermGen       total 16384K, used 3979K [0x6f540000, 0x70540000, 0x73540000)
  object space 16384K, 24% used [0x6f540000,0x6f922f10,0x70540000)
Event: 15.698 GC heap after
Heap after GC invocations=8 (full 0):
 PSYoungGen      total 136704K, used 16380K [0x9dfc0000, 0xa82c0000, 0xb3540000)
  eden space 120320K, 0% used [0x9dfc0000,0x9dfc0000,0xa5540000)
  from space 16384K, 99% used [0xa69c0000,0xa79bf3c0,0xa79c0000)
  to   space 20992K, 0% used [0xa5540000,0xa5540000,0xa69c0000)
 ParOldGen       total 41728K, used 24800K [0x73540000, 0x75e00000, 0x9dfc0000)
  object space 41728K, 59% used [0x73540000,0x74d78298,0x75e00000)
 PSPermGen       total 16384K, used 3979K [0x6f540000, 0x70540000, 0x73540000)
  object space 16384K, 24% used [0x6f540000,0x6f922f10,0x70540000)
}
Event: 18.600 GC heap before
{Heap before GC invocations=9 (full 0):
 PSYoungGen      total 136704K, used 136700K [0x9dfc0000, 0xa82c0000, 0xb3540000)
  eden space 120320K, 100% used [0x9dfc0000,0xa5540000,0xa5540000)
  from space 16384K, 99% used [0xa69c0000,0xa79bf3c0,0xa79c0000)
  to   space 20992K, 0% used [0xa5540000,0xa5540000,0xa69c0000)
 ParOldGen       total 41728K, used 24800K [0x73540000, 0x75e00000, 0x9dfc0000)
  object space 41728K, 59% used [0x73540000,0x74d78298,0x75e00000)
 PSPermGen       total 16384K, used 4024K [0x6f540000, 0x70540000, 0x73540000)
  object space 16384K, 24% used [0x6f540000,0x6f92e018,0x70540000)

