# JRE version: Java(TM) SE Runtime Environment (7.0_80-b15) (build 1.7.0_80-b15)
# Java VM: Java HotSpot(TM) Server VM (24.80-b11 mixed mode linux-x86 )
Heap
 PSYoungGen      total 66048K, used 2555K [0x9e040000, 0xa2340000, 0xb35c0000)
  eden space 63488K, 0% used [0x9e040000,0x9e040000,0xa1e40000)
  from space 2560K, 99% used [0xa1e40000,0xa20becb8,0xa20c0000)
  to   space 2560K, 0% used [0xa20c0000,0xa20c0000,0xa2340000)
 ParOldGen       total 41728K, used 22392K [0x735c0000, 0x75e80000, 0x9e040000)
  object space 41728K, 53% used [0x735c0000,0x74b9e3e8,0x75e80000)
 PSPermGen       total 16384K, used 3947K [0x6f5c0000, 0x705c0000, 0x735c0000)
  object space 16384K, 24% used [0x6f5c0000,0x6f99aee8,0x705c0000)
GC Heap History (9 events):
Event: 2.301 GC heap before
{Heap before GC invocations=1 (full 0):
 PSYoungGen      total 18432K, used 15872K [0x9e040000, 0x9f4c0000, 0xb35c0000)
  eden space 15872K, 100% used [0x9e040000,0x9efc0000,0x9efc0000)
  from space 2560K, 0% used [0x9f240000,0x9f240000,0x9f4c0000)
  to   space 2560K, 0% used [0x9efc0000,0x9efc0000,0x9f240000)
 ParOldGen       total 41728K, used 0K [0x735c0000, 0x75e80000, 0x9e040000)
  object space 41728K, 0% used [0x735c0000,0x735c0000,0x75e80000)
 PSPermGen       total 16384K, used 3756K [0x6f5c0000, 0x705c0000, 0x735c0000)
  object space 16384K, 22% used [0x6f5c0000,0x6f96b368,0x705c0000)
Event: 2.346 GC heap after
Heap after GC invocations=1 (full 0):
 PSYoungGen      total 18432K, used 2552K [0x9e040000, 0xa0440000, 0xb35c0000)
  eden space 15872K, 0% used [0x9e040000,0x9e040000,0x9efc0000)
  from space 2560K, 99% used [0x9efc0000,0x9f23e1c8,0x9f240000)
  to   space 2560K, 0% used [0xa01c0000,0xa01c0000,0xa0440000)
 ParOldGen       total 41728K, used 1216K [0x735c0000, 0x75e80000, 0x9e040000)
  object space 41728K, 2% used [0x735c0000,0x736f02d8,0x75e80000)
 PSPermGen       total 16384K, used 3756K [0x6f5c0000, 0x705c0000, 0x735c0000)
  object space 16384K, 22% used [0x6f5c0000,0x6f96b368,0x705c0000)
}
Event: 3.373 GC heap before
{Heap before GC invocations=2 (full 0):
 PSYoungGen      total 18432K, used 18424K [0x9e040000, 0xa0440000, 0xb35c0000)
  eden space 15872K, 100% used [0x9e040000,0x9efc0000,0x9efc0000)
  from space 2560K, 99% used [0x9efc0000,0x9f23e1c8,0x9f240000)
  to   space 2560K, 0% used [0xa01c0000,0xa01c0000,0xa0440000)
 ParOldGen       total 41728K, used 1216K [0x735c0000, 0x75e80000, 0x9e040000)
  object space 41728K, 2% used [0x735c0000,0x736f02d8,0x75e80000)
 PSPermGen       total 16384K, used 3855K [0x6f5c0000, 0x705c0000, 0x735c0000)
  object space 16384K, 23% used [0x6f5c0000,0x6f983fb0,0x705c0000)
Event: 3.419 GC heap after
Heap after GC invocations=2 (full 0):
 PSYoungGen      total 34304K, used 2546K [0x9e040000, 0xa0440000, 0xb35c0000)
  eden space 31744K, 0% used [0x9e040000,0x9e040000,0x9ff40000)
  from space 2560K, 99% used [0xa01c0000,0xa043c9e0,0xa0440000)
  to   space 2560K, 0% used [0x9ff40000,0x9ff40000,0xa01c0000)
 ParOldGen       total 41728K, used 3364K [0x735c0000, 0x75e80000, 0x9e040000)
  object space 41728K, 8% used [0x735c0000,0x73909228,0x75e80000)
 PSPermGen       total 16384K, used 3855K [0x6f5c0000, 0x705c0000, 0x735c0000)
  object space 16384K, 23% used [0x6f5c0000,0x6f983fb0,0x705c0000)
}
Event: 6.238 GC heap before
{Heap before GC invocations=3 (full 0):
 PSYoungGen      total 34304K, used 34290K [0x9e040000, 0xa0440000, 0xb35c0000)
  eden space 31744K, 100% used [0x9e040000,0x9ff40000,0x9ff40000)
  from space 2560K, 99% used [0xa01c0000,0xa043c9e0,0xa0440000)
  to   space 2560K, 0% used [0x9ff40000,0x9ff40000,0xa01c0000)
 ParOldGen       total 41728K, used 3364K [0x735c0000, 0x75e80000, 0x9e040000)
  object space 41728K, 8% used [0x735c0000,0x73909228,0x75e80000)
 PSPermGen       total 16384K, used 3909K [0x6f5c0000, 0x705c0000, 0x735c0000)
  object space 16384K, 23% used [0x6f5c0000,0x6f9915e0,0x705c0000)
Event: 6.271 GC heap after
Heap after GC invocations=3 (full 0):
 PSYoungGen      total 34304K, used 2555K [0x9e040000, 0xa2340000, 0xb35c0000)
  eden space 31744K, 0% used [0x9e040000,0x9e040000,0x9ff40000)
  from space 2560K, 99% used [0x9ff40000,0xa01bed90,0xa01c0000)
  to   space 2560K, 0% used [0xa20c0000,0xa20c0000,0xa2340000)
 ParOldGen       total 41728K, used 8781K [0x735c0000, 0x75e80000, 0x9e040000)
  object space 41728K, 21% used [0x735c0000,0x73e53690,0x75e80000)
 PSPermGen       total 16384K, used 3909K [0x6f5c0000, 0x705c0000, 0x735c0000)
  object space 16384K, 23% used [0x6f5c0000,0x6f9915e0,0x705c0000)
}
Event: 7.725 GC heap before
{Heap before GC invocations=4 (full 0):
 PSYoungGen      total 34304K, used 34299K [0x9e040000, 0xa2340000, 0xb35c0000)
  eden space 31744K, 100% used [0x9e040000,0x9ff40000,0x9ff40000)
  from space 2560K, 99% used [0x9ff40000,0xa01bed90,0xa01c0000)
  to   space 2560K, 0% used [0xa20c0000,0xa20c0000,0xa2340000)
 ParOldGen       total 41728K, used 8781K [0x735c0000, 0x75e80000, 0x9e040000)
  object space 41728K, 21% used [0x735c0000,0x73e53690,0x75e80000)
 PSPermGen       total 16384K, used 3923K [0x6f5c0000, 0x705c0000, 0x735c0000)
  object space 16384K, 23% used [0x6f5c0000,0x6f994e18,0x705c0000)
Event: 7.801 GC heap after
Heap after GC invocations=4 (full 0):
 PSYoungGen      total 66048K, used 2556K [0x9e040000, 0xa2340000, 0xb35c0000)
  eden space 63488K, 0% used [0x9e040000,0x9e040000,0xa1e40000)
  from space 2560K, 99% used [0xa20c0000,0xa233f088,0xa2340000)
  to   space 2560K, 0% used [0xa1e40000,0xa1e40000,0xa20c0000)
 ParOldGen       total 41728K, used 13528K [0x735c0000, 0x75e80000, 0x9e040000)
  object space 41728K, 32% used [0x735c0000,0x742f6310,0x75e80000)
 PSPermGen       total 16384K, used 3923K [0x6f5c0000, 0x705c0000, 0x735c0000)
  object space 16384K, 23% used [0x6f5c0000,0x6f994e18,0x705c0000)
}
Event: 10.241 GC heap before
{Heap before GC invocations=5 (full 0):
 PSYoungGen      total 66048K, used 66044K [0x9e040000, 0xa2340000, 0xb35c0000)
  eden space 63488K, 100% used [0x9e040000,0xa1e40000,0xa1e40000)
  from space 2560K, 99% used [0xa20c0000,0xa233f088,0xa2340000)
  to   space 2560K, 0% used [0xa1e40000,0xa1e40000,0xa20c0000)
 ParOldGen       total 41728K, used 13528K [0x735c0000, 0x75e80000, 0x9e040000)
  object space 41728K, 32% used [0x735c0000,0x742f6310,0x75e80000)
 PSPermGen       total 16384K, used 3947K [0x6f5c0000, 0x705c0000, 0x735c0000)
  object space 16384K, 24% used [0x6f5c0000,0x6f99aee8,0x705c0000)

